This is pdfTeX, Version 3.141592653-2.6-1.40.29 (TeX Live 2026) (preloaded format=pdflatex 2026.5.26)  31 MAY 2026 16:54
entering extended mode
 restricted \write18 enabled.
 %&-line parsing enabled.
**vol11_PreRegistration_MultiAttribute_Sovereign_Lake_Expansion.tex
(./vol11_PreRegistration_MultiAttribute_Sovereign_Lake_Expansion.tex
LaTeX2e <2025-11-01>
L3 programming layer <2026-05-15>
(c:/texlive/2026/texmf-dist/tex/latex/base/article.cls
Document Class: article 2025/01/22 v1.4n Standard LaTeX document class
(c:/texlive/2026/texmf-dist/tex/latex/base/size12.clo
File: size12.clo 2025/01/22 v1.4n Standard LaTeX file (size option)
)
\c@part=\count276
\c@section=\count277
\c@subsection=\count278
\c@subsubsection=\count279
\c@paragraph=\count280
\c@subparagraph=\count281
\c@figure=\count282
\c@table=\count283
\abovecaptionskip=\skip49
\belowcaptionskip=\skip50
\bibindent=\dimen150
)
(c:/texlive/2026/texmf-dist/tex/latex/amsmath/amsmath.sty
Package: amsmath 2025/07/09 v2.17z AMS math features
\@mathmargin=\skip51

For additional information on amsmath, use the `?' option.
(c:/texlive/2026/texmf-dist/tex/latex/amsmath/amstext.sty
Package: amstext 2024/11/17 v2.01 AMS text

(c:/texlive/2026/texmf-dist/tex/latex/amsmath/amsgen.sty
File: amsgen.sty 1999/11/30 v2.0 generic functions
\@emptytoks=\toks17
\ex@=\dimen151
))
(c:/texlive/2026/texmf-dist/tex/latex/amsmath/amsbsy.sty
Package: amsbsy 1999/11/29 v1.2d Bold Symbols
\pmbraise@=\dimen152
)
(c:/texlive/2026/texmf-dist/tex/latex/amsmath/amsopn.sty
Package: amsopn 2022/04/08 v2.04 operator names
)
\inf@bad=\count284
LaTeX Info: Redefining \frac on input line 233.
\uproot@=\count285
\leftroot@=\count286
LaTeX Info: Redefining \overline on input line 398.
LaTeX Info: Redefining \colon on input line 409.
\classnum@=\count287
\DOTSCASE@=\count288
LaTeX Info: Redefining \ldots on input line 495.
LaTeX Info: Redefining \dots on input line 498.
LaTeX Info: Redefining \cdots on input line 619.
\Mathstrutbox@=\box53
\strutbox@=\box54
LaTeX Info: Redefining \big on input line 721.
LaTeX Info: Redefining \Big on input line 722.
LaTeX Info: Redefining \bigg on input line 723.
LaTeX Info: Redefining \Bigg on input line 724.
\big@size=\dimen153
LaTeX Font Info:    Redeclaring font encoding OML on input line 742.
LaTeX Font Info:    Redeclaring font encoding OMS on input line 743.
\macc@depth=\count289
LaTeX Info: Redefining \bmod on input line 904.
LaTeX Info: Redefining \pmod on input line 909.
LaTeX Info: Redefining \smash on input line 939.
LaTeX Info: Redefining \relbar on input line 969.
LaTeX Info: Redefining \Relbar on input line 970.
\c@MaxMatrixCols=\count290
\dotsspace@=\muskip17
\c@parentequation=\count291
\dspbrk@lvl=\count292
\tag@help=\toks18
\row@=\count293
\column@=\count294
\maxfields@=\count295
\andhelp@=\toks19
\eqnshift@=\dimen154
\alignsep@=\dimen155
\tagshift@=\dimen156
\tagwidth@=\dimen157
\totwidth@=\dimen158
\lineht@=\dimen159
\@envbody=\toks20
\multlinegap=\skip52
\multlinetaggap=\skip53
\mathdisplay@stack=\toks21
LaTeX Info: Redefining \[ on input line 2950.
LaTeX Info: Redefining \] on input line 2951.
)
(c:/texlive/2026/texmf-dist/tex/latex/amsfonts/amssymb.sty
Package: amssymb 2013/01/14 v3.01 AMS font symbols

(c:/texlive/2026/texmf-dist/tex/latex/amsfonts/amsfonts.sty
Package: amsfonts 2013/01/14 v3.01 Basic AMSFonts support
\symAMSa=\mathgroup4
\symAMSb=\mathgroup5
LaTeX Font Info:    Redeclaring math symbol \hbar on input line 98.
LaTeX Font Info:    Overwriting math alphabet `\mathfrak' in version `bold'
(Font)                  U/euf/m/n --> U/euf/b/n on input line 106.
))
(c:/texlive/2026/texmf-dist/tex/latex/amscls/amsthm.sty
Package: amsthm 2020/05/29 v2.20.6
\thm@style=\toks22
\thm@bodyfont=\toks23
\thm@headfont=\toks24
\thm@notefont=\toks25
\thm@headpunct=\toks26
\thm@preskip=\skip54
\thm@postskip=\skip55
\thm@headsep=\skip56
\dth@everypar=\toks27
)
(c:/texlive/2026/texmf-dist/tex/latex/geometry/geometry.sty
Package: geometry 2026/03/07 v6.0 Page Geometry

(c:/texlive/2026/texmf-dist/tex/latex/graphics/keyval.sty
Package: keyval 2022/05/29 v1.15 key=value parser (DPC)
\KV@toks@=\toks28
)
(c:/texlive/2026/texmf-dist/tex/generic/iftex/ifvtex.sty
Package: ifvtex 2019/10/25 v1.7 ifvtex legacy package. Use iftex instead.

(c:/texlive/2026/texmf-dist/tex/generic/iftex/iftex.sty
Package: iftex 2024/12/12 v1.0g TeX engine tests
))
\Gm@cnth=\count296
\Gm@cntv=\count297
\c@Gm@tempcnt=\count298
\Gm@bindingoffset=\dimen160
\Gm@wd@mp=\dimen161
\Gm@odd@mp=\dimen162
\Gm@even@mp=\dimen163
\Gm@layoutwidth=\dimen164
\Gm@layoutheight=\dimen165
\Gm@layouthoffset=\dimen166
\Gm@layoutvoffset=\dimen167
\Gm@dimlist=\toks29
)
(c:/texlive/2026/texmf-dist/tex/latex/booktabs/booktabs.sty
Package: booktabs 2020/01/12 v1.61803398 Publication quality tables
\heavyrulewidth=\dimen168
\lightrulewidth=\dimen169
\cmidrulewidth=\dimen170
\belowrulesep=\dimen171
\belowbottomsep=\dimen172
\aboverulesep=\dimen173
\abovetopsep=\dimen174
\cmidrulesep=\dimen175
\cmidrulekern=\dimen176
\defaultaddspace=\dimen177
\@cmidla=\count299
\@cmidlb=\count300
\@aboverulesep=\dimen178
\@belowrulesep=\dimen179
\@thisruleclass=\count301
\@lastruleclass=\count302
\@thisrulewidth=\dimen180
)
(c:/texlive/2026/texmf-dist/tex/latex/tools/longtable.sty
Package: longtable 2025-10-13 v4.24 Multi-page Table package (DPC)
\LTleft=\skip57
\LTright=\skip58
\LTpre=\skip59
\LTpost=\skip60
\LTchunksize=\count303
\LTcapwidth=\dimen181
\LT@head=\box55
\LT@firsthead=\box56
\LT@foot=\box57
\LT@lastfoot=\box58
\LT@gbox=\box59
\LT@cols=\count304
\LT@rows=\count305
\c@LT@tables=\count306
\c@LT@chunks=\count307
\LT@p@ftn=\toks30
)
(c:/texlive/2026/texmf-dist/tex/latex/tools/array.sty
Package: array 2025/09/25 v2.6n Tabular extension package (FMi)
\col@sep=\dimen182
\ar@mcellbox=\box60
\extrarowheight=\dimen183
\NC@list=\toks31
\extratabsurround=\skip61
\backup@length=\skip62
\ar@cellbox=\box61
)
(c:/texlive/2026/texmf-dist/tex/latex/xurl/xurl.sty
Package: xurl 2022/01/09 v 0.10 modify URL breaks

(c:/texlive/2026/texmf-dist/tex/latex/url/url.sty
\Urlmuskip=\muskip18
Package: url 2013/09/16  ver 3.4  Verb mode for urls, etc.
))
(c:/texlive/2026/texmf-dist/tex/latex/hyperref/hyperref.sty
Package: hyperref 2026-04-24 v7.01q Hypertext links for LaTeX

(c:/texlive/2026/texmf-dist/tex/latex/kvsetkeys/kvsetkeys.sty
Package: kvsetkeys 2022-10-05 v1.19 Key value parser (HO)
)
(c:/texlive/2026/texmf-dist/tex/generic/kvdefinekeys/kvdefinekeys.sty
Package: kvdefinekeys 2019-12-19 v1.6 Define keys (HO)
)
(c:/texlive/2026/texmf-dist/tex/generic/pdfescape/pdfescape.sty
Package: pdfescape 2019/12/09 v1.15 Implements pdfTeX's escape features (HO)

(c:/texlive/2026/texmf-dist/tex/generic/ltxcmds/ltxcmds.sty
Package: ltxcmds 2023-12-04 v1.26 LaTeX kernel commands for general use (HO)
)
(c:/texlive/2026/texmf-dist/tex/generic/pdftexcmds/pdftexcmds.sty
Package: pdftexcmds 2020-06-27 v0.33 Utility functions of pdfTeX for LuaTeX (HO
)

(c:/texlive/2026/texmf-dist/tex/generic/infwarerr/infwarerr.sty
Package: infwarerr 2019/12/03 v1.5 Providing info/warning/error messages (HO)
)
Package pdftexcmds Info: \pdf@primitive is available.
Package pdftexcmds Info: \pdf@ifprimitive is available.
Package pdftexcmds Info: \pdfdraftmode found.
))
(c:/texlive/2026/texmf-dist/tex/latex/hycolor/hycolor.sty
Package: hycolor 2020-01-27 v1.10 Color options for hyperref/bookmark (HO)
)
(c:/texlive/2026/texmf-dist/tex/latex/hyperref/nameref.sty
Package: nameref 2026-01-29 v2.58 Cross-referencing by name of section

(c:/texlive/2026/texmf-dist/tex/latex/refcount/refcount.sty
Package: refcount 2019/12/15 v3.6 Data extraction from label references (HO)
)
(c:/texlive/2026/texmf-dist/tex/generic/gettitlestring/gettitlestring.sty
Package: gettitlestring 2019/12/15 v1.6 Cleanup title references (HO)

(c:/texlive/2026/texmf-dist/tex/latex/kvoptions/kvoptions.sty
Package: kvoptions 2022-06-15 v3.15 Key value format for package options (HO)
))
\c@section@level=\count308
)
(c:/texlive/2026/texmf-dist/tex/latex/etoolbox/etoolbox.sty
Package: etoolbox 2025/10/02 v2.5m e-TeX tools for LaTeX (JAW)
\etb@tempcnta=\count309
)
(c:/texlive/2026/texmf-dist/tex/generic/stringenc/stringenc.sty
Package: stringenc 2019/11/29 v1.12 Convert strings between diff. encodings (HO
)
)
\@linkdim=\dimen184
\Hy@linkcounter=\count310
\Hy@pagecounter=\count311

(c:/texlive/2026/texmf-dist/tex/latex/hyperref/pd1enc.def
File: pd1enc.def 2026-04-24 v7.01q Hyperref: PDFDocEncoding definition (HO)
Now handling font encoding PD1 ...
... no UTF-8 mapping file for font encoding PD1
)
(c:/texlive/2026/texmf-dist/tex/generic/intcalc/intcalc.sty
Package: intcalc 2019/12/15 v1.3 Expandable calculations with integers (HO)
)
\Hy@SavedSpaceFactor=\count312

(c:/texlive/2026/texmf-dist/tex/latex/hyperref/puenc.def
File: puenc.def 2026-04-24 v7.01q Hyperref: PDF Unicode definition (HO)
Now handling font encoding PU ...
... no UTF-8 mapping file for font encoding PU
)
Package hyperref Info: Hyper figures OFF on input line 4199.
Package hyperref Info: Link nesting OFF on input line 4204.
Package hyperref Info: Hyper index ON on input line 4207.
Package hyperref Info: Plain pages OFF on input line 4214.
Package hyperref Info: Backreferencing OFF on input line 4219.
Package hyperref Info: Implicit mode ON; LaTeX internals redefined.
Package hyperref Info: Bookmarks ON on input line 4466.
\c@Hy@tempcnt=\count313
LaTeX Info: Redefining \url on input line 4805.
\XeTeXLinkMargin=\dimen185

(c:/texlive/2026/texmf-dist/tex/generic/bitset/bitset.sty
Package: bitset 2019/12/09 v1.3 Handle bit-vector datatype (HO)

(c:/texlive/2026/texmf-dist/tex/generic/bigintcalc/bigintcalc.sty
Package: bigintcalc 2019/12/15 v1.5 Expandable calculations on big integers (HO
)
))
\Fld@menulength=\count314
\Field@Width=\dimen186
\Fld@charsize=\dimen187
Package hyperref Info: Hyper figures OFF on input line 6091.
Package hyperref Info: Link nesting OFF on input line 6096.
Package hyperref Info: Hyper index ON on input line 6099.
Package hyperref Info: backreferencing OFF on input line 6106.
Package hyperref Info: Link coloring OFF on input line 6111.
Package hyperref Info: Link coloring with OCG OFF on input line 6116.
Package hyperref Info: PDF/A mode OFF on input line 6121.
\Hy@abspage=\count315
\c@Item=\count316
\c@Hfootnote=\count317
)
Package hyperref Info: Driver (autodetected): hpdftex.

(c:/texlive/2026/texmf-dist/tex/latex/hyperref/hpdftex.def
File: hpdftex.def 2026-04-24 v7.01q Hyperref driver for pdfTeX
\Fld@listcount=\count318
\c@bookmark@seq@number=\count319

(c:/texlive/2026/texmf-dist/tex/latex/rerunfilecheck/rerunfilecheck.sty
Package: rerunfilecheck 2025-06-21 v1.11 Rerun checks for auxiliary files (HO)

(c:/texlive/2026/texmf-dist/tex/generic/uniquecounter/uniquecounter.sty
Package: uniquecounter 2019/12/15 v1.4 Provide unlimited unique counter (HO)
)
Package uniquecounter Info: New unique counter `rerunfilecheck' on input line 2
84.
)
\Hy@SectionHShift=\skip63
)
(c:/texlive/2026/texmf-dist/tex/latex/xcolor/xcolor.sty
Package: xcolor 2024/09/29 v3.02 LaTeX color extensions (UK)

(c:/texlive/2026/texmf-dist/tex/latex/graphics-cfg/color.cfg
File: color.cfg 2016/01/02 v1.6 sample color configuration
)
Package xcolor Info: Driver file: pdftex.def on input line 274.

(c:/texlive/2026/texmf-dist/tex/latex/graphics-def/pdftex.def
File: pdftex.def 2025/09/29 v1.2d Graphics/color driver for pdftex
)
(c:/texlive/2026/texmf-dist/tex/latex/graphics/mathcolor.ltx)
Package xcolor Info: Model `cmy' substituted by `cmy0' on input line 1349.
Package xcolor Info: Model `hsb' substituted by `rgb' on input line 1353.
Package xcolor Info: Model `RGB' extended on input line 1365.
Package xcolor Info: Model `HTML' substituted by `rgb' on input line 1367.
Package xcolor Info: Model `Hsb' substituted by `hsb' on input line 1368.
Package xcolor Info: Model `tHsb' substituted by `hsb' on input line 1369.
Package xcolor Info: Model `HSB' substituted by `hsb' on input line 1370.
Package xcolor Info: Model `Gray' substituted by `gray' on input line 1371.
Package xcolor Info: Model `wave' substituted by `hsb' on input line 1372.
)
(c:/texlive/2026/texmf-dist/tex/latex/enumitem/enumitem.sty
Package: enumitem 2025/02/06 v3.11 Customized lists
\labelindent=\skip64
\enit@outerparindent=\dimen188
\enit@toks=\toks32
\enit@inbox=\box62
\enit@count@id=\count320
\enitdp@description=\count321
)
(c:/texlive/2026/texmf-dist/tex/latex/fancyhdr/fancyhdr.sty
Package: fancyhdr 2025/02/07 v5.2 Extensive control of page headers and footers

\f@nch@headwidth=\skip65
\f@nch@offset@elh=\skip66
\f@nch@offset@erh=\skip67
\f@nch@offset@olh=\skip68
\f@nch@offset@orh=\skip69
\f@nch@offset@elf=\skip70
\f@nch@offset@erf=\skip71
\f@nch@offset@olf=\skip72
\f@nch@offset@orf=\skip73
\f@nch@height=\skip74
\f@nch@footalignment=\skip75
\f@nch@widthL=\skip76
\f@nch@widthC=\skip77
\f@nch@widthR=\skip78
\@temptokenb=\toks33
)
(c:/texlive/2026/texmf-dist/tex/latex/titlesec/titlesec.sty
Package: titlesec 2025/01/04 v2.17 Sectioning titles
\ttl@box=\box63
\beforetitleunit=\skip79
\aftertitleunit=\skip80
\ttl@plus=\dimen189
\ttl@minus=\dimen190
\ttl@toksa=\toks34
\titlewidth=\dimen191
\titlewidthlast=\dimen192
\titlewidthfirst=\dimen193
)
(c:/texlive/2026/texmf-dist/tex/latex/caption/caption.sty
Package: caption 2023/08/05 v3.6o Customizing captions (AR)

(c:/texlive/2026/texmf-dist/tex/latex/caption/caption3.sty
Package: caption3 2023/07/31 v2.4d caption3 kernel (AR)
\caption@tempdima=\dimen194
\captionmargin=\dimen195
\caption@leftmargin=\dimen196
\caption@rightmargin=\dimen197
\caption@width=\dimen198
\caption@indent=\dimen199
\caption@parindent=\dimen256
\caption@hangindent=\dimen257
Package caption Info: Standard document class detected.
)
\c@caption@flags=\count322
\c@continuedfloat=\count323
Package caption Info: hyperref package is loaded.
Package caption Info: longtable package is loaded.

(c:/texlive/2026/texmf-dist/tex/latex/caption/ltcaption.sty
Package: ltcaption 2021/01/08 v1.4c longtable captions (AR)
))
(c:/texlive/2026/texmf-dist/tex/latex/microtype/microtype.sty
Package: microtype 2026/03/01 v3.2d Micro-typographical refinements (RS)
\MT@toks=\toks35
\MT@tempbox=\box64
\MT@count=\count324
LaTeX Info: Redefining \noprotrusionifhmode on input line 1084.
LaTeX Info: Redefining \leftprotrusion on input line 1085.
\MT@prot@toks=\toks36
LaTeX Info: Redefining \rightprotrusion on input line 1104.
LaTeX Info: Redefining \textls on input line 1449.
\MT@outer@kern=\dimen258
LaTeX Info: Redefining \microtypecontext on input line 2053.
LaTeX Info: Redefining \textmicrotypecontext on input line 2070.
\MT@listname@count=\count325

(c:/texlive/2026/texmf-dist/tex/latex/microtype/microtype-pdftex.def
File: microtype-pdftex.def 2026/03/01 v3.2d Definitions specific to pdftex (RS)

LaTeX Info: Redefining \lsstyle on input line 944.
LaTeX Info: Redefining \lslig on input line 944.
\MT@outer@space=\skip81
)
Package microtype Info: Loading configuration file microtype.cfg.

(c:/texlive/2026/texmf-dist/tex/latex/microtype/microtype.cfg
File: microtype.cfg 2026/03/01 v3.2d microtype main configuration file (RS)
)
LaTeX Info: Redefining \microtypesetup on input line 3065.
)
(c:/texlive/2026/texmf-dist/tex/latex/parskip/parskip.sty
Package: parskip 2021-03-14 v2.0h non-zero parskip adjustments
)
Package hyperref Info: Option `colorlinks' set `true' on input line 35.

(c:/texlive/2026/texmf-dist/tex/latex/l3backend/l3backend-pdftex.def
File: l3backend-pdftex.def 2026-02-18 L3 backend support: PDF output (pdfTeX)
\l__color_backend_stack_int=\count326
)
(./vol11_PreRegistration_MultiAttribute_Sovereign_Lake_Expansion.aux)
\openout1 = `vol11_PreRegistration_MultiAttribute_Sovereign_Lake_Expansion.aux'
.

LaTeX Font Info:    Checking defaults for OML/cmm/m/it on input line 58.
LaTeX Font Info:    ... okay on input line 58.
LaTeX Font Info:    Checking defaults for OMS/cmsy/m/n on input line 58.
LaTeX Font Info:    ... okay on input line 58.
LaTeX Font Info:    Checking defaults for OT1/cmr/m/n on input line 58.
LaTeX Font Info:    ... okay on input line 58.
LaTeX Font Info:    Checking defaults for T1/cmr/m/n on input line 58.
LaTeX Font Info:    ... okay on input line 58.
LaTeX Font Info:    Checking defaults for TS1/cmr/m/n on input line 58.
LaTeX Font Info:    ... okay on input line 58.
LaTeX Font Info:    Checking defaults for OMX/cmex/m/n on input line 58.
LaTeX Font Info:    ... okay on input line 58.
LaTeX Font Info:    Checking defaults for U/cmr/m/n on input line 58.
LaTeX Font Info:    ... okay on input line 58.
LaTeX Font Info:    Checking defaults for PD1/pdf/m/n on input line 58.
LaTeX Font Info:    ... okay on input line 58.
LaTeX Font Info:    Checking defaults for PU/pdf/m/n on input line 58.
LaTeX Font Info:    ... okay on input line 58.

*geometry* driver: auto-detecting
*geometry* detected driver: pdftex
*geometry* verbose mode - [ preamble ] result:
* driver: pdftex
* paper: a4paper
* layout: <same size as paper>
* layoutoffset:(h,v)=(0.0pt,0.0pt)
* modes: 
* h-part:(L,W,R)=(71.13188pt, 455.24411pt, 71.13188pt)
* v-part:(T,H,B)=(71.13188pt, 702.78308pt, 71.13188pt)
* \paperwidth=597.50787pt
* \paperheight=845.04684pt
* \textwidth=455.24411pt
* \textheight=702.78308pt
* \oddsidemargin=-1.1381pt
* \evensidemargin=-1.1381pt
* \topmargin=-38.1381pt
* \headheight=12.0pt
* \headsep=25.0pt
* \topskip=12.0pt
* \footskip=30.0pt
* \marginparwidth=35.0pt
* \marginparsep=10.0pt
* \columnsep=10.0pt
* \skip\footins=10.8pt plus 4.0pt minus 2.0pt
* \hoffset=0.0pt
* \voffset=0.0pt
* \mag=1000
* \@twocolumnfalse
* \@twosidefalse
* \@mparswitchfalse
* \@reversemarginfalse
* (1in=72.27pt=25.4mm, 1cm=28.453pt)

Package hyperref Info: Link coloring ON on input line 58.
(./vol11_PreRegistration_MultiAttribute_Sovereign_Lake_Expansion.out)
(./vol11_PreRegistration_MultiAttribute_Sovereign_Lake_Expansion.out)
\@outlinefile=\write3
\openout3 = `vol11_PreRegistration_MultiAttribute_Sovereign_Lake_Expansion.out'
.


(c:/texlive/2026/texmf-dist/tex/context/base/mkii/supp-pdf.mkii
[Loading MPS to PDF converter (version 2006.09.02).]
\scratchcounter=\count327
\scratchdimen=\dimen259
\scratchbox=\box65
\nofMPsegments=\count328
\nofMParguments=\count329
\everyMPshowfont=\toks37
\MPscratchCnt=\count330
\MPscratchDim=\dimen260
\MPnumerator=\count331
\makeMPintoPDFobject=\count332
\everyMPtoPDFconversion=\toks38
)
Package caption Info: Begin \AtBeginDocument code.
Package caption Info: End \AtBeginDocument code.
LaTeX Info: Redefining \microtypecontext on input line 58.
Package microtype Info: Applying patch `item' on input line 58.
Package microtype Info: Applying patch `toc' on input line 58.
Package microtype Info: Applying patch `eqnum' on input line 58.
Package microtype Info: Applying patch `footnote' on input line 58.
Package microtype Info: Applying patch `verbatim' on input line 58.
LaTeX Info: Redefining \microtypesetup on input line 58.
Package microtype Info: Generating PDF output.
Package microtype Info: Character protrusion enabled (level 2).
Package microtype Info: Using default protrusion set `alltext'.
Package microtype Info: Automatic font expansion enabled (level 2),
(microtype)             stretch: 20, shrink: 20, step: 1, non-selected.
Package microtype Info: Using default expansion set `alltext-nott'.
Package microtype Info: Patching command `\showhyphens'.
Package microtype Info: No adjustment of tracking.
Package microtype Info: No adjustment of interword spacing.
Package microtype Info: No adjustment of character kerning.
 (c:/texlive/2026/texmf-dist/tex/latex/microtype/mt-cmr.cfg
File: mt-cmr.cfg 2013/05/19 v2.2 microtype config. file: Computer Modern Roman 
(RS)
)
Couldn't patch \deferred@thm@head!
LaTeX Font Info:    Trying to load font information for U+msa on input line 67.

(c:/texlive/2026/texmf-dist/tex/latex/amsfonts/umsa.fd
File: umsa.fd 2013/01/14 v3.01 AMS symbols A
)
(c:/texlive/2026/texmf-dist/tex/latex/microtype/mt-msa.cfg
File: mt-msa.cfg 2006/02/04 v1.1 microtype config. file: AMS symbols (a) (RS)
)
LaTeX Font Info:    Trying to load font information for U+msb on input line 67.


(c:/texlive/2026/texmf-dist/tex/latex/amsfonts/umsb.fd
File: umsb.fd 2013/01/14 v3.01 AMS symbols B
)
(c:/texlive/2026/texmf-dist/tex/latex/microtype/mt-msb.cfg
File: mt-msb.cfg 2005/06/01 v1.0 microtype config. file: AMS symbols (b) (RS)
)
(./vol11_PreRegistration_MultiAttribute_Sovereign_Lake_Expansion.toc

Package fancyhdr Warning: \headheight is too small (12.0pt): 
(fancyhdr)                Make it at least 13.59999pt, for example:
(fancyhdr)                \setlength{\headheight}{13.59999pt}.
(fancyhdr)                You might also make \topmargin smaller:
(fancyhdr)                \addtolength{\topmargin}{-1.59999pt}.

[1{c:/texlive/2026/texmf-var/fonts/map/pdftex/updmap/pdftex.map}

])
\tf@toc=\write4
\openout4 = `vol11_PreRegistration_MultiAttribute_Sovereign_Lake_Expansion.toc'
.



Package fancyhdr Warning: \headheight is too small (12.0pt): 
(fancyhdr)                Make it at least 13.59999pt, for example:
(fancyhdr)                \setlength{\headheight}{13.59999pt}.
(fancyhdr)                You might also make \topmargin smaller:
(fancyhdr)                \addtolength{\topmargin}{-1.59999pt}.

[2]

Package fancyhdr Warning: \headheight is too small (12.0pt): 
(fancyhdr)                Make it at least 13.59999pt, for example:
(fancyhdr)                \setlength{\headheight}{13.59999pt}.
(fancyhdr)                You might also make \topmargin smaller:
(fancyhdr)                \addtolength{\topmargin}{-1.59999pt}.

[3{c:/texlive/2026/texmf-dist/fonts/enc/dvips/cm-super/cm-super-ts1.enc}]
Overfull \hbox (49.12196pt too wide) in paragraph at lines 202--213
 [][] 
 []


Package fancyhdr Warning: \headheight is too small (12.0pt): 
(fancyhdr)                Make it at least 13.59999pt, for example:
(fancyhdr)                \setlength{\headheight}{13.59999pt}.
(fancyhdr)                You might also make \topmargin smaller:
(fancyhdr)                \addtolength{\topmargin}{-1.59999pt}.

[4]
Overfull \hbox (6.07227pt too wide) in paragraph at lines 270--272
[]\OT1/cmr/m/n/12 (-20) Filter: \OT1/cmtt/m/n/12 radial[]velocity IS NOT NULL A
ND parallax[]over[]error > 10 AND ruwe
 []


Underfull \hbox (badness 10000) in paragraph at lines 284--284
[]|\OT1/cmr/bx/n/12 (+20) Catalog
 []


Underfull \hbox (badness 10000) in paragraph at lines 285--285
[]|\OT1/cmr/bx/n/12 (+20) Predicted
 []


Overfull \hbox (10.24628pt too wide) in paragraph at lines 285--286
[]|\OT1/cmr/bx/n/12 (-20) Coverage| 
 []


Overfull \hbox (63.46402pt too wide) in alignment at lines 279--287
 [] [] [] [] [] [] 
 []


Underfull \hbox (badness 10000) in paragraph at lines 290--290
[]|\OT1/cmr/bx/n/12 (+20) Catalog
 []


Underfull \hbox (badness 10000) in paragraph at lines 291--291
[]|\OT1/cmr/bx/n/12 (+20) Predicted
 []


Overfull \hbox (10.24628pt too wide) in paragraph at lines 291--292
[]|\OT1/cmr/bx/n/12 (-20) Coverage| 
 []


Overfull \hbox (63.46402pt too wide) in alignment at lines 287--293
 [] [] [] [] [] [] 
 []


Overfull \hbox (63.46402pt too wide) in alignment at lines 293--296
 [] [] [] [] [] [] 
 []


Overfull \hbox (63.46402pt too wide) in alignment at lines 296--298
 [] [] [] [] [] [] 
 []


Overfull \hbox (9.77507pt too wide) in paragraph at lines 309--309
[]|\OT1/cmtt/m/n/12 teff[]gspphot| 
 []


Overfull \hbox (9.77507pt too wide) in paragraph at lines 316--316
[]|\OT1/cmtt/m/n/12 logg[]gspphot| 
 []


Underfull \hbox (badness 10000) in paragraph at lines 330--331
[]|\OT1/cmr/m/n/12 (+20) Derived
 []


Underfull \hbox (badness 10000) in paragraph at lines 330--331
\OT1/cmr/m/n/12 (+20) from
 []


Overfull \hbox (29.86542pt too wide) in paragraph at lines 330--331
\OT1/cmtt/m/n/12 radial[]velocity\OT1/cmr/m/n/12 (-20) ,
 []


Underfull \hbox (badness 10000) in paragraph at lines 330--331
\OT1/cmtt/m/n/12 pmra\OT1/cmr/m/n/12 (+20) ,
 []


Underfull \hbox (badness 10000) in paragraph at lines 330--331
\OT1/cmtt/m/n/12 pmdec\OT1/cmr/m/n/12 (+20) ,
 []


Underfull \hbox (badness 10000) in paragraph at lines 337--337
[]|\OT1/cmr/m/n/12 (+20) Stellar ra-dius $\OML/cmm/m/it/12 R[]=R[]$
 []


Overfull \hbox (9.77507pt too wide) in paragraph at lines 338--338
[]|\OT1/cmtt/m/n/12 radius[]flame| 
 []


Underfull \hbox (badness 1590) in paragraph at lines 340--340
[]|\OT1/cmr/m/n/12 (+20) Open pre-dic-
 []


Underfull \hbox (badness 10000) in paragraph at lines 344--344
[]|\OT1/cmr/m/n/12 (+20) Stellar mass $\OML/cmm/m/it/12 M[]=M[]$
 []


Overfull \hbox (63.46402pt too wide) in alignment at lines 298--349
 [] [] [] [] [] [] 
 []


ignored: Infinite glue shrinkage found in box being split

Package fancyhdr Warning: \headheight is too small (12.0pt): 
(fancyhdr)                Make it at least 13.59999pt, for example:
(fancyhdr)                \setlength{\headheight}{13.59999pt}.
(fancyhdr)                You might also make \topmargin smaller:
(fancyhdr)                \addtolength{\topmargin}{-1.59999pt}.

[5]

Package fancyhdr Warning: \headheight is too small (12.0pt): 
(fancyhdr)                Make it at least 13.59999pt, for example:
(fancyhdr)                \setlength{\headheight}{13.59999pt}.
(fancyhdr)                You might also make \topmargin smaller:
(fancyhdr)                \addtolength{\topmargin}{-1.59999pt}.

[6]
Underfull \hbox (badness 10000) in paragraph at lines 417--417
[]|\OT1/cmr/m/n/12 (+20) Characteristic age
 []


Underfull \hbox (badness 4229) in paragraph at lines 418--418
[]|\OT1/cmr/m/n/12 (+20) Surface B-field $\OML/cmm/m/it/12 B \OMS/cmsy/m/n/12 /

 []


Underfull \hbox (badness 10000) in paragraph at lines 444--444
[]|\OT1/cmr/m/n/12 (+20) Transit du-ra-tion $\OML/cmm/m/it/12 T[]$
 []


LaTeX Warning: `!h' float specifier changed to `!ht'.


Underfull \hbox (badness 10000) in paragraph at lines 467--467
[]|\OT1/cmr/m/n/12 (+20) Leading muon $\OML/cmm/m/it/12 p[]$
 []


Underfull \hbox (badness 10000) in paragraph at lines 468--468
[]|\OT1/cmr/m/n/12 (+20) Sub-leading muon $\OML/cmm/m/it/12 p[]$
 []


Package fancyhdr Warning: \headheight is too small (12.0pt): 
(fancyhdr)                Make it at least 13.59999pt, for example:
(fancyhdr)                \setlength{\headheight}{13.59999pt}.
(fancyhdr)                You might also make \topmargin smaller:
(fancyhdr)                \addtolength{\topmargin}{-1.59999pt}.

[7]

Package fancyhdr Warning: \headheight is too small (12.0pt): 
(fancyhdr)                Make it at least 13.59999pt, for example:
(fancyhdr)                \setlength{\headheight}{13.59999pt}.
(fancyhdr)                You might also make \topmargin smaller:
(fancyhdr)                \addtolength{\topmargin}{-1.59999pt}.

[8]

Package fancyhdr Warning: \headheight is too small (12.0pt): 
(fancyhdr)                Make it at least 13.59999pt, for example:
(fancyhdr)                \setlength{\headheight}{13.59999pt}.
(fancyhdr)                You might also make \topmargin smaller:
(fancyhdr)                \addtolength{\topmargin}{-1.59999pt}.

[9]

Package fancyhdr Warning: \headheight is too small (12.0pt): 
(fancyhdr)                Make it at least 13.59999pt, for example:
(fancyhdr)                \setlength{\headheight}{13.59999pt}.
(fancyhdr)                You might also make \topmargin smaller:
(fancyhdr)                \addtolength{\topmargin}{-1.59999pt}.

[10]

Package fancyhdr Warning: \headheight is too small (12.0pt): 
(fancyhdr)                Make it at least 13.59999pt, for example:
(fancyhdr)                \setlength{\headheight}{13.59999pt}.
(fancyhdr)                You might also make \topmargin smaller:
(fancyhdr)                \addtolength{\topmargin}{-1.59999pt}.

[11]
Underfull \hbox (badness 10000) in paragraph at lines 713--713
[]|$\OML/cmm/m/it/12 s \OT1/cmr/m/n/12 (+20) = [](1 +
 []


Overfull \hbox (43.20993pt too wide) in paragraph at lines 707--718
 [][] 
 []


Underfull \hbox (badness 10000) in paragraph at lines 730--730
[]|\OT1/cmr/bx/n/12 (+20) Lake
 []


Underfull \hbox (badness 7814) in paragraph at lines 730--730
[]|\OT1/cmr/bx/n/12 (+20) Source Cat-a-
 []


Overfull \hbox (17.32082pt too wide) in alignment at lines 725--733
 [] [] [] [] [] 
 []


Underfull \hbox (badness 10000) in paragraph at lines 736--736
[]|\OT1/cmr/bx/n/12 (+20) Lake
 []


Underfull \hbox (badness 7814) in paragraph at lines 736--736
[]|\OT1/cmr/bx/n/12 (+20) Source Cat-a-
 []


Overfull \hbox (17.32082pt too wide) in alignment at lines 733--739
 [] [] [] [] [] 
 []


Overfull \hbox (17.32082pt too wide) in alignment at lines 739--741
 [] [] [] [] [] 
 []


Overfull \hbox (17.32082pt too wide) in alignment at lines 741--743
 [] [] [] [] [] 
 []


Underfull \hbox (badness 6542) in paragraph at lines 746--746
[]|\OT1/cmr/m/n/12 (+20) Kinematic ($15\OML/cmm/m/it/12 =^^Y$\OT1/cmr/m/n/12 (+
20) --
 []


Overfull \hbox (21.19789pt too wide) in paragraph at lines 746--747
[]|[]\OT1/cmr/bx/n/12 (-20) PENDING[]| 
 []


Underfull \hbox (badness 10000) in paragraph at lines 747--747
[]|\OT1/cmr/m/n/12 (+20) EM / Ther-mal
 []


Overfull \hbox (21.19789pt too wide) in paragraph at lines 747--748
[]|[]\OT1/cmr/bx/n/12 (-20) PENDING[]| 
 []


Underfull \hbox (badness 10000) in paragraph at lines 748--748
[]|\OT1/cmr/m/n/12 (+20) Structural ($19\OML/cmm/m/it/12 =^^Y$\OT1/cmr/m/n/12 (
+20) --
 []


Overfull \hbox (21.19789pt too wide) in paragraph at lines 748--749
[]|[]\OT1/cmr/bx/n/12 (-20) PENDING[]| 
 []


Overfull \hbox (0.52434pt too wide) in paragraph at lines 749--749
[]|\OT1/cmr/m/n/12 (-20) Quantum/Chemical
 []


Overfull \hbox (21.19789pt too wide) in paragraph at lines 749--750
[]|[]\OT1/cmr/bx/n/12 (-20) PENDING[]| 
 []


Underfull \hbox (badness 5417) in paragraph at lines 750--750
[]|\OT1/cmr/m/n/12 (+20) Gaia DR3 de-
 []


Underfull \hbox (badness 6542) in paragraph at lines 750--750
[]|\OT1/cmr/m/n/12 (+20) Kinematic ($15\OML/cmm/m/it/12 =^^Y$\OT1/cmr/m/n/12 (+
20) --
 []


Overfull \hbox (21.19789pt too wide) in paragraph at lines 750--751
[]|[]\OT1/cmr/bx/n/12 (-20) PENDING[]| 
 []


Underfull \hbox (badness 10000) in paragraph at lines 751--751
[]|\OT1/cmr/m/n/12 (+20) Gaia DR3
 []


Underfull \hbox (badness 1092) in paragraph at lines 751--751
[]|\OT1/cmr/m/n/12 (+20) EM or Struc-tural
 []


Overfull \hbox (21.19789pt too wide) in paragraph at lines 751--752
[]|[]\OT1/cmr/bx/n/12 (-20) PENDING[]| 
 []


Underfull \hbox (badness 10000) in paragraph at lines 752--752
[]|\OT1/cmr/m/n/12 (+20) Gaia DR3
 []


Underfull \hbox (badness 10000) in paragraph at lines 752--752
[]|\OT1/cmr/m/n/12 (+20) Structural ($21\OML/cmm/m/it/12 =^^Y$\OT1/cmr/m/n/12 (
+20) ,
 []


Overfull \hbox (21.19789pt too wide) in paragraph at lines 752--752
[]|[]\OT1/cmr/bx/n/12 (-20) PENDING[]| 
 []


Underfull \hbox (badness 10000) in paragraph at lines 755--755
[]|\OT1/cmr/m/n/12 (+20) Kinematic sec-
 []


Overfull \hbox (21.19789pt too wide) in paragraph at lines 755--756
[]|[]\OT1/cmr/bx/n/12 (-20) PENDING[]| 
 []


Underfull \hbox (badness 1389) in paragraph at lines 756--756
[]|\OT1/cmr/m/n/12 (+20) Structural / po-si-
 []


Overfull \hbox (21.19789pt too wide) in paragraph at lines 756--757
[]|[]\OT1/cmr/bx/n/12 (-20) PENDING[]| 
 []


Overfull \hbox (21.19789pt too wide) in paragraph at lines 757--758
[]|[]\OT1/cmr/bx/n/12 (-20) PENDING[]| 
 []


Underfull \hbox (badness 10000) in paragraph at lines 758--758
[]|\OT1/cmr/m/n/12 (+20) Structural ($19\OML/cmm/m/it/12 =^^Y$\OT1/cmr/m/n/12 (
+20) --
 []


Overfull \hbox (21.19789pt too wide) in paragraph at lines 758--758
[]|[]\OT1/cmr/bx/n/12 (-20) PENDING[]| 
 []


Underfull \hbox (badness 10000) in paragraph at lines 761--761
[]|\OT1/cmr/m/n/12 (+20) NASA Ex-o-
 []


Overfull \hbox (21.19789pt too wide) in paragraph at lines 761--762
[]|[]\OT1/cmr/bx/n/12 (-20) PENDING[]| 
 []


Underfull \hbox (badness 10000) in paragraph at lines 762--762
[]|\OT1/cmr/m/n/12 (+20) NASA Ex-o-
 []


Overfull \hbox (21.19789pt too wide) in paragraph at lines 762--763
[]|[]\OT1/cmr/bx/n/12 (-20) PENDING[]| 
 []


Overfull \hbox (1.27718pt too wide) in paragraph at lines 763--763
[]|\OT1/cmr/m/n/12 (-20) p[]transit| 
 []


Underfull \hbox (badness 10000) in paragraph at lines 763--763
[]|\OT1/cmr/m/n/12 (+20) NASA Ex-o-
 []


Underfull \hbox (badness 6542) in paragraph at lines 763--763
[]|\OT1/cmr/m/n/12 (+20) Kinematic ($16\OML/cmm/m/it/12 =^^Y$\OT1/cmr/m/n/12 (+
20) --
 []


Overfull \hbox (21.19789pt too wide) in paragraph at lines 763--763
[]|[]\OT1/cmr/bx/n/12 (-20) PENDING[]| 
 []


Underfull \hbox (badness 10000) in paragraph at lines 766--766
[]|\OT1/cmr/m/n/12 (+20) Kinematic ($15\OML/cmm/m/it/12 =^^Y$\OT1/cmr/m/n/12 (+
20) ,
 []


Overfull \hbox (21.19789pt too wide) in paragraph at lines 766--767
[]|[]\OT1/cmr/bx/n/12 (-20) PENDING[]| 
 []


Underfull \hbox (badness 10000) in paragraph at lines 767--767
[]|\OT1/cmr/m/n/12 (+20) Sub-leading muon $\OML/cmm/m/it/12 p[]$
 []


Underfull \hbox (badness 10000) in paragraph at lines 767--767
[]|\OT1/cmr/m/n/12 (+20) Kinematic ($15\OML/cmm/m/it/12 =^^Y$\OT1/cmr/m/n/12 (+
20) ,
 []


Overfull \hbox (21.19789pt too wide) in paragraph at lines 767--768
[]|[]\OT1/cmr/bx/n/12 (-20) PENDING[]| 
 []


Overfull \hbox (21.19789pt too wide) in paragraph at lines 768--769
[]|[]\OT1/cmr/bx/n/12 (-20) PENDING[]| 
 []


Overfull \hbox (21.19789pt too wide) in paragraph at lines 769--769
[]|[]\OT1/cmr/bx/n/12 (-20) PENDING[]| 
 []


Overfull \hbox (21.19789pt too wide) in paragraph at lines 772--773
[]|[]\OT1/cmr/bx/n/12 (-20) PENDING[]| 
 []


Underfull \hbox (badness 10000) in paragraph at lines 773--773
[]|\OT1/cmr/m/n/12 (+20) Structural ($19\OML/cmm/m/it/12 =^^Y$\OT1/cmr/m/n/12 (
+20) --
 []


Overfull \hbox (21.19789pt too wide) in paragraph at lines 773--774
[]|[]\OT1/cmr/bx/n/12 (-20) PENDING[]| 
 []


Overfull \hbox (21.19789pt too wide) in paragraph at lines 774--774
[]|[]\OT1/cmr/bx/n/12 (-20) PENDING[]| 
 []


Overfull \hbox (2.55661pt too wide) in paragraph at lines 777--777
[]|\OT1/cmr/m/n/12 (-20) s2[]wrong| 
 []


Overfull \hbox (21.19789pt too wide) in paragraph at lines 777--778
[]|[]\OT1/cmr/bx/n/12 (-20) PENDING[]| 
 []


Overfull \hbox (4.09193pt too wide) in paragraph at lines 778--778
[]|\OT1/cmr/m/n/12 (-20) k2[]wrong| 
 []


Overfull \hbox (21.19789pt too wide) in paragraph at lines 778--779
[]|[]\OT1/cmr/bx/n/12 (-20) PENDING[]| 
 []


Overfull \hbox (4.41179pt too wide) in paragraph at lines 779--779
[]|\OT1/cmr/m/n/12 (-20) p1[]wrong| 
 []


Overfull \hbox (21.19789pt too wide) in paragraph at lines 779--780
[]|[]\OT1/cmr/bx/n/12 (-20) PENDING[]| 
 []


Overfull \hbox (12.08838pt too wide) in paragraph at lines 780--780
[]|\OT1/cmr/m/n/12 (-20) mat[]wrong| 
 []


Overfull \hbox (21.19789pt too wide) in paragraph at lines 780--781
[]|[]\OT1/cmr/bx/n/12 (-20) PENDING[]| 
 []


Overfull \hbox (17.32082pt too wide) in alignment at lines 743--782
 [] [] [] [] [] 
 []


ignored: Infinite glue shrinkage found in box being split

Package fancyhdr Warning: \headheight is too small (12.0pt): 
(fancyhdr)                Make it at least 13.59999pt, for example:
(fancyhdr)                \setlength{\headheight}{13.59999pt}.
(fancyhdr)                You might also make \topmargin smaller:
(fancyhdr)                \addtolength{\topmargin}{-1.59999pt}.

[12]

Package fancyhdr Warning: \headheight is too small (12.0pt): 
(fancyhdr)                Make it at least 13.59999pt, for example:
(fancyhdr)                \setlength{\headheight}{13.59999pt}.
(fancyhdr)                You might also make \topmargin smaller:
(fancyhdr)                \addtolength{\topmargin}{-1.59999pt}.

[13]

Package fancyhdr Warning: \headheight is too small (12.0pt): 
(fancyhdr)                Make it at least 13.59999pt, for example:
(fancyhdr)                \setlength{\headheight}{13.59999pt}.
(fancyhdr)                You might also make \topmargin smaller:
(fancyhdr)                \addtolength{\topmargin}{-1.59999pt}.

[14]

Package fancyhdr Warning: \headheight is too small (12.0pt): 
(fancyhdr)                Make it at least 13.59999pt, for example:
(fancyhdr)                \setlength{\headheight}{13.59999pt}.
(fancyhdr)                You might also make \topmargin smaller:
(fancyhdr)                \addtolength{\topmargin}{-1.59999pt}.

[15]

Package fancyhdr Warning: \headheight is too small (12.0pt): 
(fancyhdr)                Make it at least 13.59999pt, for example:
(fancyhdr)                \setlength{\headheight}{13.59999pt}.
(fancyhdr)                You might also make \topmargin smaller:
(fancyhdr)                \addtolength{\topmargin}{-1.59999pt}.

[16] (./vol11_PreRegistration_MultiAttribute_Sovereign_Lake_Expansion.aux)
 ***********
LaTeX2e <2025-11-01>
L3 programming layer <2026-05-15>
 ***********
Package rerunfilecheck Info: File `vol11_PreRegistration_MultiAttribute_Soverei
gn_Lake_Expansion.out' has not changed.
(rerunfilecheck)             Checksum: 7147B6693654F1DF21A0B5428D1E7DC1;6705.
 ) 
Here is how much of TeX's memory you used:
 15290 strings out of 467340
 241601 string characters out of 5419560
 730753 words of memory out of 5000000
 43942 multiletter control sequences out of 15000+600000
 644262 words of font info for 181 fonts, out of 8000000 for 9000
 1141 hyphenation exceptions out of 8191
 75i,14n,79p,1250b,635s stack positions out of 10000i,1000n,20000p,200000b,200000s
<c:/texlive/2026/texmf-dist/fonts/type1/public/amsfonts/cm/cmbx10.pfb><c:/tex
live/2026/texmf-dist/fonts/type1/public/amsfonts/cm/cmbx12.pfb><c:/texlive/2026
/texmf-dist/fonts/type1/public/amsfonts/cm/cmex10.pfb><c:/texlive/2026/texmf-di
st/fonts/type1/public/amsfonts/cm/cmmi10.pfb><c:/texlive/2026/texmf-dist/fonts/
type1/public/amsfonts/cm/cmmi12.pfb><c:/texlive/2026/texmf-dist/fonts/type1/pub
lic/amsfonts/cm/cmmi8.pfb><c:/texlive/2026/texmf-dist/fonts/type1/public/amsfon
ts/cm/cmr10.pfb><c:/texlive/2026/texmf-dist/fonts/type1/public/amsfonts/cm/cmr1
2.pfb><c:/texlive/2026/texmf-dist/fonts/type1/public/amsfonts/cm/cmr8.pfb><c:/t
exlive/2026/texmf-dist/fonts/type1/public/amsfonts/cm/cmsy10.pfb><c:/texlive/20
26/texmf-dist/fonts/type1/public/amsfonts/cm/cmsy8.pfb><c:/texlive/2026/texmf-d
ist/fonts/type1/public/amsfonts/cm/cmti10.pfb><c:/texlive/2026/texmf-dist/fonts
/type1/public/amsfonts/cm/cmti12.pfb><c:/texlive/2026/texmf-dist/fonts/type1/pu
blic/amsfonts/cm/cmtt12.pfb><c:/texlive/2026/texmf-dist/fonts/type1/public/amsf
onts/symbols/msam10.pfb><c:/texlive/2026/texmf-dist/fonts/type1/public/cm-super
/sfrm1200.pfb>
Output written on vol11_PreRegistration_MultiAttribute_Sovereign_Lake_Expansion
.pdf (16 pages, 265095 bytes).
PDF statistics:
 348 PDF objects out of 1000 (max. 8388607)
 295 compressed objects within 3 object streams
 74 named destinations out of 1000 (max. 500000)
 33481 words of extra memory for PDF output out of 35830 (max. 10000000)

